[debug] [2023-07-14T18:58:56.360Z] ----------------------------------------------------------------------
[debug] [2023-07-14T18:58:56.364Z] Command:       C:\Program Files\nodejs\node.exe C:\Users\DELL\AppData\Roaming\npm\node_modules\firebase-tools\lib\bin\firebase.js login:ci
[debug] [2023-07-14T18:58:56.365Z] CLI Version:   12.4.4
[debug] [2023-07-14T18:58:56.366Z] Platform:      win32
[debug] [2023-07-14T18:58:56.366Z] Node Version:  v19.3.0
[debug] [2023-07-14T18:58:56.366Z] Time:          Sat Jul 15 2023 00:28:56 GMT+0530 (India Standard Time)
[debug] [2023-07-14T18:58:56.367Z] ----------------------------------------------------------------------
[debug] 
[warn] !  Authenticating with a `login:ci` token is deprecated and will be removed in a future major version of `firebase-tools`. Instead, use a service account key with `GOOGLE_APPLICATION_CREDENTIALS`: https://cloud.google.com/docs/authentication/getting-started 
[info] 
[info] Visit this URL on this device to log in:
[info] https://accounts.google.com/o/oauth2/auth?client_id=563584335869-fgrhgmd47bqnekij5i8b5pr03ho849e6.apps.googleusercontent.com&scope=email%20openid%20https%3A%2F%2Fwww.googleapis.com%2Fauth%2Fcloudplatformprojects.readonly%20https%3A%2F%2Fwww.googleapis.com%2Fauth%2Ffirebase%20https%3A%2F%2Fwww.googleapis.com%2Fauth%2Fcloud-platform&response_type=code&state=819271615&redirect_uri=http%3A%2F%2Flocalhost%3A9005
[info] 
[info] Waiting for authentication...
[debug] [2023-07-14T18:58:56.412Z] Error: spawn cmd ENOENT
    at ChildProcess._handle.onexit (node:internal/child_process:285:19)
    at onErrorNT (node:internal/child_process:483:16)
    at process.processTicksAndRejections (node:internal/process/task_queues:82:21)
[error] 
[error] Error: An unexpected error has occurred.
[debug] [2023-07-14T19:03:07.354Z] ----------------------------------------------------------------------
[debug] [2023-07-14T19:03:07.358Z] Command:       C:\Program Files\nodejs\node.exe C:\Users\DELL\AppData\Roaming\npm\node_modules\firebase-tools\lib\bin\firebase.js login
[debug] [2023-07-14T19:03:07.359Z] CLI Version:   12.4.4
[debug] [2023-07-14T19:03:07.359Z] Platform:      win32
[debug] [2023-07-14T19:03:07.360Z] Node Version:  v19.3.0
[debug] [2023-07-14T19:03:07.360Z] Time:          Sat Jul 15 2023 00:33:07 GMT+0530 (India Standard Time)
[debug] [2023-07-14T19:03:07.360Z] ----------------------------------------------------------------------
[debug] 
[info] i  Firebase optionally collects CLI and Emulator Suite usage and error reporting information to help improve our products. Data is collected in accordance with Google's privacy policy (https://policies.google.com/privacy) and is not used to identify you.
 
[info] 
[info] Visit this URL on this device to log in:
[info] https://accounts.google.com/o/oauth2/auth?client_id=563584335869-fgrhgmd47bqnekij5i8b5pr03ho849e6.apps.googleusercontent.com&scope=email%20openid%20https%3A%2F%2Fwww.googleapis.com%2Fauth%2Fcloudplatformprojects.readonly%20https%3A%2F%2Fwww.googleapis.com%2Fauth%2Ffirebase%20https%3A%2F%2Fwww.googleapis.com%2Fauth%2Fcloud-platform&response_type=code&state=801253525&redirect_uri=http%3A%2F%2Flocalhost%3A9005
[info] 
[info] Waiting for authentication...
[debug] [2023-07-14T19:03:09.877Z] Error: spawn cmd ENOENT
    at ChildProcess._handle.onexit (node:internal/child_process:285:19)
    at onErrorNT (node:internal/child_process:483:16)
    at process.processTicksAndRejections (node:internal/process/task_queues:82:21)
[error] 
[error] Error: An unexpected error has occurred.
